Locating the bottom of the address space ... 0x1000
Locating the top of the address space ... Checking that ptrace can change system call numbers...0xc0000000
Core dump limits :
	soft - 0
	hard - 0
OK
Checking syscall emulation patch for ptrace...0xc0000000
Core dump limits :
	soft - 0
	hard - 0
OK
Checking advanced syscall emulation patch for ptrace...0xc0000000
Core dump limits :
	soft - 0
	hard - 0
OK
0xc0000000
Core dump limits :
	soft - 0
	hard - 0
Checking for tmpfs mount on /dev/shm...OK
Checking PROT_EXEC mmap in /tmp/...OK
Checking for the skas3 patch in the host:
  - /proc/mm...not found: No such file or directory
  - PTRACE_FAULTINFO...not found
OK
  - PTRACE_LDT...not found
OK
OK
UML running in SKAS0 mode
